  Using 'git status' to determine working set for adaptive non-unity build (C:\Users\79217\Documents\UnknownSteampunk).
  Invalidating makefile for UnknownSteampunkEditor (source file removed)
  Parsing headers for UnknownSteampunkEditor
    Running UnrealHeaderTool "C:\Users\79217\Documents\UnknownSteampunk\UnknownSteampunk\UnknownSteampunk.uproject" "C:\Users\79217\Documents\UnknownSteampunk\UnknownSteampunk\Intermediate\Build\Win64\UnknownSteampunkEditor\Development\UnknownSteampunkEditor.uhtmanifest" -LogCmds="loginit warning, logexit warning, logdatabase error" -Unattended -WarningsAsErrors -abslog="C:\Users\79217\AppData\Local\UnrealBuildTool\Log_UHT.txt" -installed
  LogInit: Display: Loading text-based GConfig....
  Reflection code generated for UnknownSteampunkEditor in 37,2707513 seconds
  Building UnknownSteampunkEditor...
  Using Visual Studio 2019 14.29.30137 toolchain (C:\Program Files (x86)\Microsoft Visual Studio\2019\Community\VC\Tools\MSVC\14.29.30133) and Windows 10.0.18362.0 SDK (C:\Program Files (x86)\Windows Kits\10).
  Building 9 actions with 8 processes...
    [1/9] UnknownSteampunkCharacter.cpp
C:\Users\79217\Documents\UnknownSteampunk\UnknownSteampunk\Source\UnknownSteampunk\UnknownSteampunkCharacter.h(6): fatal error C1083: Cannot open include file: 'PaperCharacter.h': No such file or directory
    [2/9] UnknownSteampunkGameMode.cpp
C:\Users\79217\Documents\UnknownSteampunk\UnknownSteampunk\Source\UnknownSteampunk\UnknownSteampunkCharacter.h(6): fatal error C1083: Cannot open include file: 'PaperCharacter.h': No such file or directory
    [3/9] UnknownSteampunkCharacter.gen.cpp
C:\Users\79217\Documents\UnknownSteampunk\UnknownSteampunk\Source\UnknownSteampunk/UnknownSteampunkCharacter.h(6): fatal error C1083: Cannot open include file: 'PaperCharacter.h': No such file or directory
    [4/9] UnknownSteampunk.cpp
    [5/9] UnknownSteampunk.init.gen.cpp
    [6/9] UnknownSteampunkGameMode.gen.cpp
C:\Program Files (x86)\Microsoft Visual Studio\2019\Community\MSBuild\Microsoft\VC\v160\Microsoft.MakeFile.Targets(45,5): error MSB3073: The command ""C:\Program Files\Epic Games\UE_4.27\Engine\Build\BatchFiles\Build.bat" UnknownSteampunkEditor Win64 Development -Project="C:\Users\79217\Documents\UnknownSteampunk\UnknownSteampunk\UnknownSteampunk.uproject" -WaitMutex -FromMsBuild" exited with code 6.
